Unity Editor version:    2020.3.23f1 (c5d91304a876)
Branch:                  2020.3/staging
Build type:              Release
Batch mode:              YES
macOS version:           Version 12.0.1 (Build 21A559)
Darwin version:          21.1.0
Architecture:            x86_64
Running under Rosetta:   YES
Available memory:        8192 MB
Using pre-set license
Pro License: NO

COMMAND LINE ARGUMENTS:
/Applications/Unity/Hub/Editor/2020.3.23f1/Unity.app/Contents/MacOS/Unity
-adb2
-batchMode
-noUpm
-name
AssetImportWorker0
-projectPath
/Users/pablo/Library/Mobile Documents/com~apple~CloudDocs/Developer/UnityProjects/tutorialPokemonUnityYoutubeJB/Juego pokemon JB
-logFile
Logs/AssetImportWorker0.log
-srvPort
56096
Successfully changed project path to: /Users/pablo/Library/Mobile Documents/com~apple~CloudDocs/Developer/UnityProjects/tutorialPokemonUnityYoutubeJB/Juego pokemon JB
/Users/pablo/Library/Mobile Documents/com~apple~CloudDocs/Developer/UnityProjects/tutorialPokemonUnityYoutubeJB/Juego pokemon JB
Using Asset Import Pipeline V2.
Refreshing native plugins compatible for Editor in 157.45 ms, found 3 plugins.
Preloading 0 native plugins for Editor in 0.00 ms.
Initialize engine version: 2020.3.23f1 (c5d91304a876)
[Subsystems] Discovering subsystems at path /Applications/Unity/Hub/Editor/2020.3.23f1/Unity.app/Contents/Resources/UnitySubsystems
[Subsystems] Discovering subsystems at path /Users/pablo/Library/Mobile Documents/com~apple~CloudDocs/Developer/UnityProjects/tutorialPokemonUnityYoutubeJB/Juego pokemon JB/Assets
GfxDevice: creating device client; threaded=0
2022-01-15 09:05:04.884 Unity[62614:2389135] (null) preferred device: Apple M1 (high power)
2022-01-15 09:05:04.885 Unity[62614:2389135] Metal devices available: 1
2022-01-15 09:05:04.885 Unity[62614:2389135] 0: Apple M1 (high power)
2022-01-15 09:05:04.885 Unity[62614:2389135] Using device Apple M1 (high power)
Initializing Metal device caps: Apple M1
Initialize mono
Mono path[0] = '/Applications/Unity/Hub/Editor/2020.3.23f1/Unity.app/Contents/Managed'
Mono path[1] = '/Applications/Unity/Hub/Editor/2020.3.23f1/Unity.app/Contents/MonoBleedingEdge/lib/mono/unityjit'
Mono config path = '/Applications/Unity/Hub/Editor/2020.3.23f1/Unity.app/Contents/MonoBleedingEdge/etc'
Using monoOptions --debugger-agent=transport=dt_socket,embedding=1,server=y,suspend=n,address=127.0.0.1:56614
Begin MonoManager ReloadAssembly
Registering precompiled unity dll's ...
Register platform support module: /Applications/Unity/Hub/Editor/2020.3.23f1/Unity.app/Contents/PlaybackEngines/MacStandaloneSupport/UnityEditor.OSXStandalone.Extensions.dll
Registered in 0.001025 seconds.
Native extension for OSXStandalone target not found
Refreshing native plugins compatible for Editor in 63.96 ms, found 3 plugins.
Preloading 0 native plugins for Editor in 0.00 ms.
Mono: successfully reloaded assembly
- Completed reload, in  1.311 seconds
Domain Reload Profiling:
	ReloadAssembly (1314ms)
		BeginReloadAssembly (111ms)
			ExecutionOrderSort (0ms)
			DisableScriptedObjects (0ms)
			BackupInstance (0ms)
			ReleaseScriptingObjects (0ms)
			CreateAndSetChildDomain (3ms)
		EndReloadAssembly (1073ms)
			LoadAssemblies (108ms)
			RebuildTransferFunctionScriptingTraits (1ms)
			SetupTypeCache (184ms)
			ReleaseScriptCaches (0ms)
			RebuildScriptCaches (39ms)
			SetupLoadedEditorAssemblies (570ms)
				LogAssemblyErrors (0ms)
				InitializePlatformSupportModulesInManaged (13ms)
				SetLoadedEditorAssemblies (1ms)
				RefreshPlugins (64ms)
				BeforeProcessingInitializeOnLoad (82ms)
				ProcessInitializeOnLoadAttributes (308ms)
				ProcessInitializeOnLoadMethodAttributes (102ms)
				AfterProcessingInitializeOnLoad (0ms)
				EditorAssembliesLoaded (1ms)
			ExecutionOrderSort2 (0ms)
			AwakeInstancesAfterBackupRestoration (0ms)
Platform modules already initialized, skipping
Registering precompiled user dll's ...
Registered in 0.008968 seconds.
Begin MonoManager ReloadAssembly
Native extension for OSXStandalone target not found
Refreshing native plugins compatible for Editor in 60.77 ms, found 3 plugins.
Preloading 0 native plugins for Editor in 0.00 ms.
Mono: successfully reloaded assembly
- Completed reload, in  2.260 seconds
Domain Reload Profiling:
	ReloadAssembly (2262ms)
		BeginReloadAssembly (253ms)
			ExecutionOrderSort (0ms)
			DisableScriptedObjects (29ms)
			BackupInstance (0ms)
			ReleaseScriptingObjects (0ms)
			CreateAndSetChildDomain (33ms)
		EndReloadAssembly (1920ms)
			LoadAssemblies (202ms)
			RebuildTransferFunctionScriptingTraits (0ms)
			SetupTypeCache (344ms)
			ReleaseScriptCaches (0ms)
			RebuildScriptCaches (53ms)
			SetupLoadedEditorAssemblies (1026ms)
				LogAssemblyErrors (0ms)
				InitializePlatformSupportModulesInManaged (9ms)
				SetLoadedEditorAssemblies (0ms)
				RefreshPlugins (61ms)
				BeforeProcessingInitializeOnLoad (163ms)
				ProcessInitializeOnLoadAttributes (745ms)
				ProcessInitializeOnLoadMethodAttributes (47ms)
				AfterProcessingInitializeOnLoad (1ms)
				EditorAssembliesLoaded (0ms)
			ExecutionOrderSort2 (0ms)
			AwakeInstancesAfterBackupRestoration (33ms)
Platform modules already initialized, skipping
Validating Project structure ... 0.090166 seconds.
Shader import version has changed; will reimport all shaders...
Upgrading shader files ...0.027290 seconds.
Application.AssetDatabase Initial Script Refresh Start
RefreshInfo: InitialScriptRefreshV2(NoUpdateAssetOptions) scanfilter:  ... 1 filters
RefreshProfiler: Total: 0.000ms
Application.AssetDatabase Initial Script Refresh End
Application.AssetDatabase.Refresh Start
Application.AssetDatabase.Refresh End
RefreshInfo: StopAssetImportingV2(ForceSynchronousImport) scanfilter: 
RefreshProfiler: Total: 0.000ms
Launching external process: /Applications/Unity/Hub/Editor/2020.3.23f1/Unity.app/Contents/Tools/UnityShaderCompiler
Launched and connected shader compiler UnityShaderCompiler after 0.17 seconds
Initializing Unity extensions:
2022-01-15 09:05:10.547 Unity[62614:2389135] NSEventModifierFlagFunction specified to -setKeyEquivalentModifierMask: for item <NSMenuItem: 0x600001e50f50 Font Asset, ke='Command-F12'>, but is only supported for system-provided menu items; will not be used
2022-01-15 09:05:10.551 Unity[62614:2389135] NSEventModifierFlagFunction specified to -setKeyEquivalentModifierMask: for item <NSMenuItem: 0x600001e439c0 Font Asset, ke='Command-F12'>, but is only supported for system-provided menu items; will not be used
========================================================================
Worker process is ready to serve import requests
Refreshing native plugins compatible for Editor in 0.54 ms, found 3 plugins.
Preloading 0 native plugins for Editor in 0.00 ms.
Unloading 2198 Unused Serialized files (Serialized files now loaded: 0)
System memory in use before: 230.8 MB.
System memory in use after: 230.1 MB.

Unloading 102 unused Assets to reduce memory usage. Loaded Objects now: 2671.
Total: 3.669667 ms (FindLiveObjects: 0.162417 ms CreateObjectMapping: 0.042292 ms MarkObjects: 3.068250 ms  DeleteObjects: 0.395708 ms)

AssetImportParameters requested are different than current active one (requested -> active):
  custom:video-decoder-ogg-theora: a1e56fd34408186e4bbccfd4996cb3dc -> 
  custom:container-muxer-webm: aa71ff27fc2769a1b78a27578f13a17b -> 
  custom:container-demuxer-webm: 4f35f7cbe854078d1ac9338744f61a02 -> 
  custom:container-demuxer-ogg: 62fdf1f143b41e24485cea50d1cbac27 -> 
  custom:video-encoder-webm-vp8: eb34c28f22e8b96e1ab97ce403110664 -> 
  custom:framework-osx-AVFoundation: e770b220cccbd017edd2c1fefb359320 -> 
  custom:video-decoder-webm-vp8: 9c59270c3fd7afecdb556c50c9e8de78 -> 
  custom:audio-decoder-ogg-vorbis: bf7c407c2cedff20999df2af8eb42d56 -> 
  custom:audio-encoder-webm-vorbis: bf7c407c2cedff20999df2af8eb42d56 -> 
========================================================================
Received Import Request.
  path: Assets/Sprites/Battle/Battle Backgrounds.png
  artifactKey: Guid(3d468820f7f324bdaa0a174d3300d56d) Importer(815301076,1909f56bfc062723c751e8b465ee728b)
Start importing Assets/Sprites/Battle/Battle Backgrounds.png using Guid(3d468820f7f324bdaa0a174d3300d56d) Importer(815301076,1909f56bfc062723c751e8b465ee728b)  -> (artifact id: '9fd2a88c1ec1a3a1493745183b2a88a6') in 1.238483 seconds 
  Import took 1.246477 seconds .

========================================================================
Received Import Request.
  Time since last request: 281.199307 seconds.
  path: Assets/Sprites/Battle/HUD+Box.png
  artifactKey: Guid(6c7932aa98f0f4e2895de119c5b64e0a) Importer(815301076,1909f56bfc062723c751e8b465ee728b)
Start importing Assets/Sprites/Battle/HUD+Box.png using Guid(6c7932aa98f0f4e2895de119c5b64e0a) Importer(815301076,1909f56bfc062723c751e8b465ee728b)  -> (artifact id: '1e13ca91a497961603b5da3ab0024bbb') in 0.041656 seconds 
  Import took 0.089258 seconds .

========================================================================
Received Import Request.
  Time since last request: 91.862198 seconds.
  path: Assets/Sprites/Battle/Pokemon+Classic.ttf
  artifactKey: Guid(298383fafbfbe47b69ae1683ab832d6b) Importer(815301076,1909f56bfc062723c751e8b465ee728b)
Start importing Assets/Sprites/Battle/Pokemon+Classic.ttf using Guid(298383fafbfbe47b69ae1683ab832d6b) Importer(815301076,1909f56bfc062723c751e8b465ee728b)  -> (artifact id: 'f9a35c8518b78fadce4a05dd103f8fb3') in 1.458068 seconds 
  Import took 1.476284 seconds .

========================================================================
Received Import Request.
  Time since last request: 6.588867 seconds.
  path: Assets/Sprites/Battle/HUD+Box+2.png
  artifactKey: Guid(db93c12bbe29d48738dc9a89502332ea) Importer(815301076,1909f56bfc062723c751e8b465ee728b)
Start importing Assets/Sprites/Battle/HUD+Box+2.png using Guid(db93c12bbe29d48738dc9a89502332ea) Importer(815301076,1909f56bfc062723c751e8b465ee728b)  -> (artifact id: '07c7d629e35b0e8a779307ec93e07a17') in 0.016245 seconds 
  Import took 0.023167 seconds .

========================================================================
Received Import Request.
  Time since last request: 492.232086 seconds.
  path: Assets/Sprites/Battle/HUD+Box.png
  artifactKey: Guid(6c7932aa98f0f4e2895de119c5b64e0a) Importer(815301076,1909f56bfc062723c751e8b465ee728b)
Start importing Assets/Sprites/Battle/HUD+Box.png using Guid(6c7932aa98f0f4e2895de119c5b64e0a) Importer(815301076,1909f56bfc062723c751e8b465ee728b)  -> (artifact id: 'b6806fafeda39b3d82a6240bb21fc614') in 0.072806 seconds 
  Import took 0.089588 seconds .

========================================================================
Received Import Request.
  Time since last request: 84.998810 seconds.
  path: Assets/Sprites/Battle/HUD+Box.png
  artifactKey: Guid(6c7932aa98f0f4e2895de119c5b64e0a) Importer(815301076,1909f56bfc062723c751e8b465ee728b)
Start importing Assets/Sprites/Battle/HUD+Box.png using Guid(6c7932aa98f0f4e2895de119c5b64e0a) Importer(815301076,1909f56bfc062723c751e8b465ee728b)  -> (artifact id: '47c7856dc5177b65054c1b12de06e818') in 0.054469 seconds 
  Import took 0.065179 seconds .

